# Logfile created on 2014-03-27 17:53:36 -0400 by logger.rb/44203
I, [2014-03-27T17:53:36.333658 #5964]  INFO -- : 0:  rake (10.2.1) from /Users/matthew/.rvm/gems/ruby-2.1.0/specifications/rake-10.2.1.gemspec
I, [2014-03-27T17:53:36.334020 #5964]  INFO -- : 0:  i18n (0.6.9) from /Users/matthew/.rvm/gems/ruby-2.1.0@global/specifications/i18n-0.6.9.gemspec
I, [2014-03-27T17:53:36.334480 #5964]  INFO -- : 0:  minitest (4.7.5) from /Users/matthew/.rvm/rubies/ruby-2.1.0/lib/ruby/gems/2.1.0/specifications/default/minitest-4.7.5.gemspec
I, [2014-03-27T17:53:36.845092 #5964]  INFO -- : 0:  multi_json (1.9.2) from /Users/matthew/.rvm/gems/ruby-2.1.0/specifications/multi_json-1.9.2.gemspec
I, [2014-03-27T17:53:36.845518 #5964]  INFO -- : 0:  atomic (1.1.16) from /Users/matthew/.rvm/gems/ruby-2.1.0/specifications/atomic-1.1.16.gemspec
I, [2014-03-27T17:53:38.038771 #5964]  INFO -- : 0:  thread_safe (0.3.1) from /Users/matthew/.rvm/gems/ruby-2.1.0/specifications/thread_safe-0.3.1.gemspec
I, [2014-03-27T17:53:38.039253 #5964]  INFO -- : 0:  tzinfo (0.3.39) from /Users/matthew/.rvm/gems/ruby-2.1.0/specifications/tzinfo-0.3.39.gemspec
I, [2014-03-27T17:53:38.039630 #5964]  INFO -- : 0:  activesupport (4.0.3) from /Users/matthew/.rvm/gems/ruby-2.1.0/specifications/activesupport-4.0.3.gemspec
I, [2014-03-27T17:53:38.040008 #5964]  INFO -- : 0:  builder (3.1.4) from /Users/matthew/.rvm/gems/ruby-2.1.0@global/specifications/builder-3.1.4.gemspec
I, [2014-03-27T17:53:38.040368 #5964]  INFO -- : 0:  erubis (2.7.0) from /Users/matthew/.rvm/gems/ruby-2.1.0@global/specifications/erubis-2.7.0.gemspec
I, [2014-03-27T17:53:38.040720 #5964]  INFO -- : 0:  rack (1.5.2) from /Users/matthew/.rvm/gems/ruby-2.1.0/specifications/rack-1.5.2.gemspec
I, [2014-03-27T17:53:38.041074 #5964]  INFO -- : 0:  rack-test (0.6.2) from /Users/matthew/.rvm/gems/ruby-2.1.0/specifications/rack-test-0.6.2.gemspec
I, [2014-03-27T17:53:38.041434 #5964]  INFO -- : 0:  actionpack (4.0.3) from /Users/matthew/.rvm/gems/ruby-2.1.0/specifications/actionpack-4.0.3.gemspec
I, [2014-03-27T17:53:38.041780 #5964]  INFO -- : 0:  mime-types (1.25.1) from /Users/matthew/.rvm/gems/ruby-2.1.0/specifications/mime-types-1.25.1.gemspec
I, [2014-03-27T17:53:38.042157 #5964]  INFO -- : 0:  polyglot (0.3.4) from /Users/matthew/.rvm/gems/ruby-2.1.0/specifications/polyglot-0.3.4.gemspec
I, [2014-03-27T17:53:38.042426 #5964]  INFO -- : 0:  treetop (1.4.15) from /Users/matthew/.rvm/gems/ruby-2.1.0@global/specifications/treetop-1.4.15.gemspec
I, [2014-03-27T17:53:38.042681 #5964]  INFO -- : 0:  mail (2.5.4) from /Users/matthew/.rvm/gems/ruby-2.1.0@global/specifications/mail-2.5.4.gemspec
I, [2014-03-27T17:53:38.042937 #5964]  INFO -- : 0:  actionmailer (4.0.3) from /Users/matthew/.rvm/gems/ruby-2.1.0/specifications/actionmailer-4.0.3.gemspec
I, [2014-03-27T17:53:38.043191 #5964]  INFO -- : 0:  activemodel (4.0.3) from /Users/matthew/.rvm/gems/ruby-2.1.0/specifications/activemodel-4.0.3.gemspec
I, [2014-03-27T17:53:38.043442 #5964]  INFO -- : 0:  activerecord-deprecated_finders (1.0.3) from /Users/matthew/.rvm/gems/ruby-2.1.0@global/specifications/activerecord-deprecated_finders-1.0.3.gemspec
I, [2014-03-27T17:53:38.043688 #5964]  INFO -- : 0:  arel (4.0.2) from /Users/matthew/.rvm/gems/ruby-2.1.0/specifications/arel-4.0.2.gemspec
I, [2014-03-27T17:53:38.043938 #5964]  INFO -- : 0:  activerecord (4.0.3) from /Users/matthew/.rvm/gems/ruby-2.1.0/specifications/activerecord-4.0.3.gemspec
I, [2014-03-27T17:53:39.171044 #5964]  INFO -- : 0:  addressable (2.3.6) from /Users/matthew/.rvm/gems/ruby-2.1.0/specifications/addressable-2.3.6.gemspec
I, [2014-03-27T17:53:39.171407 #5964]  INFO -- : 0:  annotate (2.6.2) from /Users/matthew/.rvm/gems/ruby-2.1.0/specifications/annotate-2.6.2.gemspec
I, [2014-03-27T17:53:39.171677 #5964]  INFO -- : 0:  awesome_print (1.2.0) from /Users/matthew/.rvm/gems/ruby-2.1.0/specifications/awesome_print-1.2.0.gemspec
I, [2014-03-27T17:53:39.171934 #5964]  INFO -- : 0:  bcrypt (3.1.7) from /Users/matthew/.rvm/gems/ruby-2.1.0/specifications/bcrypt-3.1.7.gemspec
I, [2014-03-27T17:53:39.172185 #5964]  INFO -- : 0:  coderay (1.1.0) from /Users/matthew/.rvm/gems/ruby-2.1.0/specifications/coderay-1.1.0.gemspec
I, [2014-03-27T17:53:39.172450 #5964]  INFO -- : 0:  better_errors (1.1.0) from /Users/matthew/.rvm/gems/ruby-2.1.0/specifications/better_errors-1.1.0.gemspec
I, [2014-03-27T17:53:39.172898 #5964]  INFO -- : 0:  debug_inspector (0.0.2) from /Users/matthew/.rvm/gems/ruby-2.1.0/specifications/debug_inspector-0.0.2.gemspec
I, [2014-03-27T17:53:39.173148 #5964]  INFO -- : 0:  binding_of_caller (0.7.2) from /Users/matthew/.rvm/gems/ruby-2.1.0/specifications/binding_of_caller-0.7.2.gemspec
I, [2014-03-27T17:53:40.740382 #5964]  INFO -- : 0:  sass (3.2.18) from /Users/matthew/.rvm/gems/ruby-2.1.0/specifications/sass-3.2.18.gemspec
I, [2014-03-27T17:53:40.740759 #5964]  INFO -- : 0:  bootstrap-sass (3.1.1.0) from /Users/matthew/.rvm/gems/ruby-2.1.0/specifications/bootstrap-sass-3.1.1.0.gemspec
I, [2014-03-27T17:53:40.741139 #5964]  INFO -- : 0:  uniform_notifier (1.4.0) from /Users/matthew/.rvm/gems/ruby-2.1.0/specifications/uniform_notifier-1.4.0.gemspec
I, [2014-03-27T17:53:40.741461 #5964]  INFO -- : 0:  bullet (4.8.0) from /Users/matthew/.rvm/gems/ruby-2.1.0/specifications/bullet-4.8.0.gemspec
I, [2014-03-27T17:53:40.741752 #5964]  INFO -- : 0:  bundler (1.5.1) from /Users/matthew/.rvm/gems/ruby-2.1.0@global/specifications/bundler-1.5.1.gemspec
I, [2014-03-27T17:53:41.230774 #5964]  INFO -- : 0:  mini_portile (0.5.3) from /Users/matthew/.rvm/gems/ruby-2.1.0/specifications/mini_portile-0.5.3.gemspec
I, [2014-03-27T17:53:41.231224 #5964]  INFO -- : 0:  nokogiri (1.6.1) from /Users/matthew/.rvm/gems/ruby-2.1.0/specifications/nokogiri-1.6.1.gemspec
I, [2014-03-27T17:53:41.231543 #5964]  INFO -- : 0:  xpath (2.0.0) from /Users/matthew/.rvm/gems/ruby-2.1.0/specifications/xpath-2.0.0.gemspec
I, [2014-03-27T17:53:41.231846 #5964]  INFO -- : 0:  capybara (2.2.1) from /Users/matthew/.rvm/gems/ruby-2.1.0/specifications/capybara-2.2.1.gemspec
I, [2014-03-27T17:53:41.232145 #5964]  INFO -- : 0:  timers (1.1.0) from /Users/matthew/.rvm/gems/ruby-2.1.0/specifications/timers-1.1.0.gemspec
I, [2014-03-27T17:53:41.232438 #5964]  INFO -- : 0:  celluloid (0.15.2) from /Users/matthew/.rvm/gems/ruby-2.1.0/specifications/celluloid-0.15.2.gemspec
I, [2014-03-27T17:53:41.232728 #5964]  INFO -- : 0:  nio4r (1.0.0) from /Users/matthew/.rvm/gems/ruby-2.1.0/specifications/nio4r-1.0.0.gemspec
I, [2014-03-27T17:53:41.233020 #5964]  INFO -- : 0:  celluloid-io (0.15.0) from /Users/matthew/.rvm/gems/ruby-2.1.0/specifications/celluloid-io-0.15.0.gemspec
I, [2014-03-27T17:53:41.233310 #5964]  INFO -- : 0:  choice (0.1.6) from /Users/matthew/.rvm/gems/ruby-2.1.0/specifications/choice-0.1.6.gemspec
I, [2014-03-27T17:53:41.233599 #5964]  INFO -- : 0:  chronic (0.10.2) from /Users/matthew/.rvm/gems/ruby-2.1.0/specifications/chronic-0.10.2.gemspec
I, [2014-03-27T17:53:41.233889 #5964]  INFO -- : 0:  cliver (0.3.2) from /Users/matthew/.rvm/gems/ruby-2.1.0/specifications/cliver-0.3.2.gemspec
I, [2014-03-27T17:53:42.213095 #5964]  INFO -- : 0:  sexp_processor (4.4.3) from /Users/matthew/.rvm/gems/ruby-2.1.0/specifications/sexp_processor-4.4.3.gemspec
I, [2014-03-27T17:53:42.213471 #5964]  INFO -- : 0:  code_analyzer (0.4.4) from /Users/matthew/.rvm/gems/ruby-2.1.0/specifications/code_analyzer-0.4.4.gemspec
I, [2014-03-27T17:53:42.213736 #5964]  INFO -- : 0:  coffee-script-source (1.7.0) from /Users/matthew/.rvm/gems/ruby-2.1.0/specifications/coffee-script-source-1.7.0.gemspec
I, [2014-03-27T17:53:42.213984 #5964]  INFO -- : 0:  execjs (2.0.2) from /Users/matthew/.rvm/gems/ruby-2.1.0/specifications/execjs-2.0.2.gemspec
I, [2014-03-27T17:53:42.214230 #5964]  INFO -- : 0:  coffee-script (2.2.0) from /Users/matthew/.rvm/gems/ruby-2.1.0/specifications/coffee-script-2.2.0.gemspec
I, [2014-03-27T17:53:43.314018 #5964]  INFO -- : 0:  thor (0.19.1) from /Users/matthew/.rvm/gems/ruby-2.1.0/specifications/thor-0.19.1.gemspec
I, [2014-03-27T17:53:43.314524 #5964]  INFO -- : 0:  railties (4.0.3) from /Users/matthew/.rvm/gems/ruby-2.1.0/specifications/railties-4.0.3.gemspec
I, [2014-03-27T17:53:43.314896 #5964]  INFO -- : 0:  coffee-rails (4.0.1) from /Users/matthew/.rvm/gems/ruby-2.1.0/specifications/coffee-rails-4.0.1.gemspec
I, [2014-03-27T17:53:43.315249 #5964]  INFO -- : 0:  coffee-rails-source-maps (1.4.0) from /Users/matthew/.rvm/gems/ruby-2.1.0/specifications/coffee-rails-source-maps-1.4.0.gemspec
I, [2014-03-27T17:53:43.315595 #5964]  INFO -- : 0:  colored (1.2) from /Users/matthew/.rvm/gems/ruby-2.1.0/specifications/colored-1.2.gemspec
I, [2014-03-27T17:53:43.315951 #5964]  INFO -- : 0:  columnize (0.3.6) from /Users/matthew/.rvm/gems/ruby-2.1.0/specifications/columnize-0.3.6.gemspec
I, [2014-03-27T17:53:43.316300 #5964]  INFO -- : 0:  database_cleaner (1.2.0) from /Users/matthew/.rvm/gems/ruby-2.1.0/specifications/database_cleaner-1.2.0.gemspec
I, [2014-03-27T17:53:43.316624 #5964]  INFO -- : 0:  debugger-linecache (1.2.0) from /Users/matthew/.rvm/gems/ruby-2.1.0/specifications/debugger-linecache-1.2.0.gemspec
I, [2014-03-27T17:53:43.316942 #5964]  INFO -- : 0:  debugger-ruby_core_source (1.3.2) from /Users/matthew/.rvm/gems/ruby-2.1.0/specifications/debugger-ruby_core_source-1.3.2.gemspec
I, [2014-03-27T17:53:43.317246 #5964]  INFO -- : 0:  debugger (1.6.6) from /Users/matthew/.rvm/gems/ruby-2.1.0/specifications/debugger-1.6.6.gemspec
I, [2014-03-27T17:53:43.317548 #5964]  INFO -- : 0:  orm_adapter (0.5.0) from /Users/matthew/.rvm/gems/ruby-2.1.0/specifications/orm_adapter-0.5.0.gemspec
I, [2014-03-27T17:53:43.317847 #5964]  INFO -- : 0:  warden (1.2.3) from /Users/matthew/.rvm/gems/ruby-2.1.0/specifications/warden-1.2.3.gemspec
I, [2014-03-27T17:53:43.318379 #5964]  INFO -- : 0:  devise (3.2.4) from /Users/matthew/.rvm/gems/ruby-2.1.0/specifications/devise-3.2.4.gemspec
I, [2014-03-27T17:53:43.318776 #5964]  INFO -- : 0:  diff-lcs (1.2.5) from /Users/matthew/.rvm/gems/ruby-2.1.0/specifications/diff-lcs-1.2.5.gemspec
I, [2014-03-27T17:53:43.319149 #5964]  INFO -- : 0:  dotenv (0.10.0) from /Users/matthew/.rvm/gems/ruby-2.1.0/specifications/dotenv-0.10.0.gemspec
I, [2014-03-27T17:53:43.319520 #5964]  INFO -- : 0:  dotenv-rails (0.10.0) from /Users/matthew/.rvm/gems/ruby-2.1.0/specifications/dotenv-rails-0.10.0.gemspec
I, [2014-03-27T17:53:43.319899 #5964]  INFO -- : 0:  factory_girl (4.4.0) from /Users/matthew/.rvm/gems/ruby-2.1.0/specifications/factory_girl-4.4.0.gemspec
I, [2014-03-27T17:53:43.320229 #5964]  INFO -- : 0:  factory_girl_rails (4.4.1) from /Users/matthew/.rvm/gems/ruby-2.1.0/specifications/factory_girl_rails-4.4.1.gemspec
I, [2014-03-27T17:53:44.668802 #5964]  INFO -- : 0:  faker (1.3.0) from /Users/matthew/.rvm/gems/ruby-2.1.0/specifications/faker-1.3.0.gemspec
I, [2014-03-27T17:53:44.669225 #5964]  INFO -- : 0:  ffi (1.9.3) from /Users/matthew/.rvm/gems/ruby-2.1.0/specifications/ffi-1.9.3.gemspec
I, [2014-03-27T17:53:44.669542 #5964]  INFO -- : 0:  formatador (0.2.4) from /Users/matthew/.rvm/gems/ruby-2.1.0/specifications/formatador-0.2.4.gemspec
I, [2014-03-27T17:53:44.669850 #5964]  INFO -- : 0:  rb-fsevent (0.9.4) from /Users/matthew/.rvm/gems/ruby-2.1.0/specifications/rb-fsevent-0.9.4.gemspec
I, [2014-03-27T17:53:44.670163 #5964]  INFO -- : 0:  rb-inotify (0.9.3) from /Users/matthew/.rvm/gems/ruby-2.1.0/specifications/rb-inotify-0.9.3.gemspec
I, [2014-03-27T17:53:45.757348 #5964]  INFO -- : 0:  listen (2.7.1) from /Users/matthew/.rvm/gems/ruby-2.1.0/specifications/listen-2.7.1.gemspec
I, [2014-03-27T17:53:46.653449 #5964]  INFO -- : 0:  lumberjack (1.0.5) from /Users/matthew/.rvm/gems/ruby-2.1.0/specifications/lumberjack-1.0.5.gemspec
I, [2014-03-27T17:53:46.653939 #5964]  INFO -- : 0:  method_source (0.8.2) from /Users/matthew/.rvm/gems/ruby-2.1.0/specifications/method_source-0.8.2.gemspec
I, [2014-03-27T17:53:46.654244 #5964]  INFO -- : 0:  slop (3.5.0) from /Users/matthew/.rvm/gems/ruby-2.1.0/specifications/slop-3.5.0.gemspec
I, [2014-03-27T17:53:46.654544 #5964]  INFO -- : 0:  pry (0.9.12.6) from /Users/matthew/.rvm/gems/ruby-2.1.0/specifications/pry-0.9.12.6.gemspec
I, [2014-03-27T17:53:47.283144 #5964]  INFO -- : 0:  guard (2.6.0) from /Users/matthew/.rvm/gems/ruby-2.1.0/specifications/guard-2.6.0.gemspec
I, [2014-03-27T17:53:47.283526 #5964]  INFO -- : 0:  rspec-support (3.0.0.beta2) from /Users/matthew/.rvm/gems/ruby-2.1.0/specifications/rspec-support-3.0.0.beta2.gemspec
I, [2014-03-27T17:53:47.283809 #5964]  INFO -- : 0:  rspec-core (3.0.0.beta2) from /Users/matthew/.rvm/gems/ruby-2.1.0/specifications/rspec-core-3.0.0.beta2.gemspec
I, [2014-03-27T17:53:47.284087 #5964]  INFO -- : 0:  rspec-expectations (3.0.0.beta2) from /Users/matthew/.rvm/gems/ruby-2.1.0/specifications/rspec-expectations-3.0.0.beta2.gemspec
I, [2014-03-27T17:53:47.284351 #5964]  INFO -- : 0:  rspec-mocks (3.0.0.beta2) from /Users/matthew/.rvm/gems/ruby-2.1.0/specifications/rspec-mocks-3.0.0.beta2.gemspec
I, [2014-03-27T17:53:47.284606 #5964]  INFO -- : 0:  rspec (3.0.0.beta2) from /Users/matthew/.rvm/gems/ruby-2.1.0/specifications/rspec-3.0.0.beta2.gemspec
I, [2014-03-27T17:53:47.284855 #5964]  INFO -- : 0:  guard-rspec (4.2.2) from /Users/matthew/.rvm/gems/ruby-2.1.0/specifications/guard-rspec-4.2.2.gemspec
I, [2014-03-27T17:53:47.285101 #5964]  INFO -- : 0:  hike (1.2.3) from /Users/matthew/.rvm/gems/ruby-2.1.0@global/specifications/hike-1.2.3.gemspec
I, [2014-03-27T17:53:47.285346 #5964]  INFO -- : 0:  jbuilder (1.5.3) from /Users/matthew/.rvm/gems/ruby-2.1.0/specifications/jbuilder-1.5.3.gemspec
I, [2014-03-27T17:53:47.285590 #5964]  INFO -- : 0:  jquery-rails (3.1.0) from /Users/matthew/.rvm/gems/ruby-2.1.0/specifications/jquery-rails-3.1.0.gemspec
I, [2014-03-27T17:53:47.285818 #5964]  INFO -- : 0:  json (1.8.1) from /Users/matthew/.rvm/rubies/ruby-2.1.0/lib/ruby/gems/2.1.0/specifications/default/json-1.8.1.gemspec
I, [2014-03-27T17:53:47.286055 #5964]  INFO -- : 0:  launchy (2.4.2) from /Users/matthew/.rvm/gems/ruby-2.1.0/specifications/launchy-2.4.2.gemspec
I, [2014-03-27T17:53:47.286296 #5964]  INFO -- : 0:  pg (0.17.1) from /Users/matthew/.rvm/gems/ruby-2.1.0/specifications/pg-0.17.1.gemspec
I, [2014-03-27T17:53:47.286535 #5964]  INFO -- : 0:  websocket-driver (0.3.2) from /Users/matthew/.rvm/gems/ruby-2.1.0/specifications/websocket-driver-0.3.2.gemspec
I, [2014-03-27T17:53:47.286772 #5964]  INFO -- : 0:  poltergeist (1.5.0) from /Users/matthew/.rvm/gems/ruby-2.1.0/specifications/poltergeist-1.5.0.gemspec
I, [2014-03-27T17:53:47.287009 #5964]  INFO -- : 0:  pry-nav (0.2.3) from /Users/matthew/.rvm/gems/ruby-2.1.0/specifications/pry-nav-0.2.3.gemspec
I, [2014-03-27T17:53:47.287245 #5964]  INFO -- : 0:  pry-rails (0.3.2) from /Users/matthew/.rvm/gems/ruby-2.1.0/specifications/pry-rails-0.3.2.gemspec
I, [2014-03-27T17:53:47.287482 #5964]  INFO -- : 0:  pry-stack_explorer (0.4.9.1) from /Users/matthew/.rvm/gems/ruby-2.1.0/specifications/pry-stack_explorer-0.4.9.1.gemspec
I, [2014-03-27T17:53:47.287720 #5964]  INFO -- : 0:  quiet_assets (1.0.2) from /Users/matthew/.rvm/gems/ruby-2.1.0/specifications/quiet_assets-1.0.2.gemspec
I, [2014-03-27T17:53:47.287956 #5964]  INFO -- : 0:  tilt (1.4.1) from /Users/matthew/.rvm/gems/ruby-2.1.0/specifications/tilt-1.4.1.gemspec
I, [2014-03-27T17:53:47.288202 #5964]  INFO -- : 0:  sprockets (2.11.0) from /Users/matthew/.rvm/gems/ruby-2.1.0/specifications/sprockets-2.11.0.gemspec
I, [2014-03-27T17:53:47.288442 #5964]  INFO -- : 0:  sprockets-rails (2.0.1) from /Users/matthew/.rvm/gems/ruby-2.1.0@global/specifications/sprockets-rails-2.0.1.gemspec
I, [2014-03-27T17:53:47.288685 #5964]  INFO -- : 0:  rails (4.0.3) from /Users/matthew/.rvm/gems/ruby-2.1.0/specifications/rails-4.0.3.gemspec
I, [2014-03-27T17:53:47.288924 #5964]  INFO -- : 0:  ruby-graphviz (1.0.9) from /Users/matthew/.rvm/gems/ruby-2.1.0/specifications/ruby-graphviz-1.0.9.gemspec
I, [2014-03-27T17:53:47.289161 #5964]  INFO -- : 0:  rails-erd (1.1.0) from /Users/matthew/.rvm/gems/ruby-2.1.0/specifications/rails-erd-1.1.0.gemspec
I, [2014-03-27T17:53:47.289404 #5964]  INFO -- : 0:  rails_serve_static_assets (0.0.2) from /Users/matthew/.rvm/gems/ruby-2.1.0/specifications/rails_serve_static_assets-0.0.2.gemspec
I, [2014-03-27T17:53:47.289643 #5964]  INFO -- : 0:  rails_stdout_logging (0.0.3) from /Users/matthew/.rvm/gems/ruby-2.1.0/specifications/rails_stdout_logging-0.0.3.gemspec
I, [2014-03-27T17:53:47.289896 #5964]  INFO -- : 0:  rails_12factor (0.0.2) from /Users/matthew/.rvm/gems/ruby-2.1.0/specifications/rails_12factor-0.0.2.gemspec
I, [2014-03-27T17:53:47.290130 #5964]  INFO -- : 0:  require_all (1.3.2) from /Users/matthew/.rvm/gems/ruby-2.1.0/specifications/require_all-1.3.2.gemspec
I, [2014-03-27T17:53:47.290378 #5964]  INFO -- : 0:  ruby-progressbar (1.4.2) from /Users/matthew/.rvm/gems/ruby-2.1.0/specifications/ruby-progressbar-1.4.2.gemspec
I, [2014-03-27T17:53:47.290619 #5964]  INFO -- : 0:  rails_best_practices (1.15.2) from /Users/matthew/.rvm/gems/ruby-2.1.0/specifications/rails_best_practices-1.15.2.gemspec
I, [2014-03-27T17:53:47.290866 #5964]  INFO -- : 0:  rspec-collection_matchers (0.0.3) from /Users/matthew/.rvm/gems/ruby-2.1.0/specifications/rspec-collection_matchers-0.0.3.gemspec
I, [2014-03-27T17:53:47.291107 #5964]  INFO -- : 0:  rspec-rails (3.0.0.beta2) from /Users/matthew/.rvm/gems/ruby-2.1.0/specifications/rspec-rails-3.0.0.beta2.gemspec
I, [2014-03-27T17:53:47.291346 #5964]  INFO -- : 0:  sass-rails (4.0.2) from /Users/matthew/.rvm/gems/ruby-2.1.0/specifications/sass-rails-4.0.2.gemspec
I, [2014-03-27T17:53:47.291586 #5964]  INFO -- : 0:  shoulda-matchers (2.5.0) from /Users/matthew/.rvm/gems/ruby-2.1.0/specifications/shoulda-matchers-2.5.0.gemspec
I, [2014-03-27T17:53:47.291826 #5964]  INFO -- : 0:  simplecov-html (0.7.1) from /Users/matthew/.rvm/gems/ruby-2.1.0/specifications/simplecov-html-0.7.1.gemspec
I, [2014-03-27T17:53:47.292064 #5964]  INFO -- : 0:  simplecov (0.7.1) from /Users/matthew/.rvm/gems/ruby-2.1.0/specifications/simplecov-0.7.1.gemspec
I, [2014-03-27T17:53:47.292299 #5964]  INFO -- : 0:  time_difference (0.3.2) from /Users/matthew/.rvm/gems/ruby-2.1.0/specifications/time_difference-0.3.2.gemspec
I, [2014-03-27T17:53:47.292544 #5964]  INFO -- : 0:  uglifier (2.5.0) from /Users/matthew/.rvm/gems/ruby-2.1.0/specifications/uglifier-2.5.0.gemspec
